<?xml version="1.0" encoding="UTF-8"?>
<!-- Generated by org.testng.reporters.JUnitXMLReporter -->
<testsuite ignored="0" hostname="DESKTOP-I3QQCQL" failures="0" tests="3" name="FirstTestCase" time="50.178" errors="0" timestamp="2024-11-16T20:43:14 IST">
  <testcase classname="nov11.FirstTestNGclass" name="admin" time="6.361"/>
  <testcase classname="nov11.FirstTestNGclass" name="leave" time="2.343"/>
  <testcase classname="nov11.FirstTestNGclass" name="pim" time="2.231"/>
</testsuite> <!-- FirstTestCase -->
