<?xml version="1.0" encoding="UTF-8"?>
<!-- Generated by org.testng.reporters.JUnitXMLReporter -->
<testsuite ignored="1" hostname="DESKTOP-I3QQCQL" failures="0" tests="5" name="Report" time="82.525" errors="0" timestamp="2024-11-16T19:06:19 IST">
  <testcase classname="nov11.FirstTestNGclass" name="admin" time="5.284"/>
  <testcase classname="nov11.FirstTestNGclass" name="leave" time="3.995"/>
  <testcase classname="nov11.FirstTestNGclass" name="pim" time="2.096"/>
  <testcase classname="nov11.SecondTestNGclass" name="leave" time="1.964"/>
  <testcase classname="nov11.SecondTestNGclass" name="admin" time="2.589"/>
  <testcase classname="nov11.SecondTestNGclass" name="pim" time="0.0">
    <ignored/>
  </testcase> <!-- pim -->
</testsuite> <!-- Report -->
