<?xml version="1.0" encoding="UTF-8"?>
<testng-results ignored="0" total="1" passed="1" failed="0" skipped="0">
  <reporter-output>
  </reporter-output>
  <suite started-at="2024-11-19T09:12:24 IST" name="Default suite" finished-at="2024-11-19T09:12:32 IST" duration-ms="7811">
    <groups>
    </groups>
    <test started-at="2024-11-19T09:12:24 IST" name="Default test" finished-at="2024-11-19T09:12:32 IST" duration-ms="7811">
      <class name="nov13.Demo3">
        <test-method signature="verifyTitle()[pri:0, instance:nov13.Demo3@1ab3a8c8]" started-at="2024-11-19T09:12:24 IST" name="verifyTitle" finished-at="2024-11-19T09:12:32 IST" duration-ms="7746" status="PASS">
          <reporter-output>
          </reporter-output>
        </test-method> <!-- verifyTitle -->
      </class> <!-- nov13.Demo3 -->
    </test> <!-- Default test -->
  </suite> <!-- Default suite -->
</testng-results>
